<?xml version="1.0" encoding="UTF-8"?>
<!-- Generated by org.testng.reporters.JUnitXMLReporter -->
<testsuite hostname="BHANU-LAPTOP" ignored="2" name="Test" tests="2" failures="0" timestamp="25 Jul 2021 06:56:54 GMT" time="3.332" errors="0">
  <testcase name="TestA" time="0.1" classname="generic.T1"/>
  <testcase name="TestB" time="0.007" classname="generic.T2"/>
  <testcase name="@AfterTest postCondition" time="0.0" classname="generic.BaseTest">
    <ignored/>
  </testcase> <!-- @AfterTest postCondition -->
  <testcase name="@BeforeTest preCondition" time="0.0" classname="generic.BaseTest">
    <ignored/>
  </testcase> <!-- @BeforeTest preCondition -->
</testsuite> <!-- Test -->
