<?xml version="1.0" encoding="UTF-8"?>
<testsuite xmlns:xsi="http://www.w3.org/2001/XMLSchema-instance" xsi:noNamespaceSchemaLocation="https://maven.apache.org/surefire/maven-surefire-plugin/xsd/surefire-test-report-3.0.xsd" version="3.0" name="TestSuite" time="30.528" tests="4" errors="0" skipped="0" failures="0">
  <properties>
[...]
</properties>
  <testcase name="testValidLogin[admin, manager](1)" classname="script.ValidLogin" time="0.616">
    <system-out><![CDATA[[TestNGContentHandler] [WARN] It is strongly recommended to add "<!DOCTYPE suite SYSTEM "http://testng.org/testng-1.0.dtd" >" at the top of your file, otherwise TestNG may fail or not work as expected.
script.ValidLogin log 2021-08-08 10:42:30,145 Extent report initialized 
script.ValidLogin log 2021-08-08 10:42:30,162 XL DP 
script.ValidLogin log 2021-08-08 10:42:30,162 XL DP 
script.ValidLogin log 2021-08-08 10:42:31,199 XL path:./data/input.xlsx XL Sheet:testValidLogin 
script.ValidLogin log 2021-08-08 10:42:31,199 XL path:./data/input.xlsx XL Sheet:testValidLogin 
script.ValidLogin log 2021-08-08 10:42:31,270 Extent Test Created 
script.ValidLogin log 2021-08-08 10:42:31,271 Extent Test Created 
script.ValidLogin log 2021-08-08 10:42:31,271 Using Grid?:YES 
script.ValidLogin log 2021-08-08 10:42:31,272 Using Grid 
script.ValidLogin log 2021-08-08 10:42:31,272 Using Grid?:YES 
script.ValidLogin log 2021-08-08 10:42:31,273 Using Grid 
script.ValidLogin log 2021-08-08 10:42:31,274 hubURL:http://192.168.1.3:4444/wd/hub 
script.ValidLogin log 2021-08-08 10:42:31,274 hubURL:http://192.168.1.3:4444/wd/hub 
script.ValidLogin log 2021-08-08 10:42:31,276 Browser:chrome 
script.ValidLogin log 2021-08-08 10:42:31,276 Browser:firefox 
script.ValidLogin log 2021-08-08 10:42:33,941 Browser launched in grid:chrome 
script.ValidLogin log 2021-08-08 10:42:33,962 ETO:60 
script.ValidLogin log 2021-08-08 10:42:34,012 ITO:60 
script.ValidLogin log 2021-08-08 10:42:34,049 PLT:60 
script.ValidLogin log 2021-08-08 10:42:34,074 STO:60 
script.ValidLogin log 2021-08-08 10:42:36,349 Browser launched in grid:firefox 
script.ValidLogin log 2021-08-08 10:42:36,350 ETO:60 
script.ValidLogin log 2021-08-08 10:42:36,399 ITO:60 
script.ValidLogin log 2021-08-08 10:42:36,428 PLT:60 
script.ValidLogin log 2021-08-08 10:42:36,515 STO:60 
script.ValidLogin log 2021-08-08 10:42:42,323 appUrl:https://demo.actitime.com/login.do 
script.ValidLogin log 2021-08-08 10:42:42,387 Cookies Deleted 
script.ValidLogin log 2021-08-08 10:42:42,516 Browser Maximized 
script.ValidLogin log 2021-08-08 10:42:42,517 Precondition completed 
]]></system-out>
    <system-err><![CDATA[Aug 08, 2021 10:42:33 AM org.openqa.selenium.remote.ProtocolHandshake createSession
INFO: Detected dialect: W3C
Aug 08, 2021 10:42:36 AM org.openqa.selenium.remote.ProtocolHandshake createSession
INFO: Detected dialect: W3C
]]></system-err>
  </testcase>
  <testcase name="testValidLogin[admin, manager](1)" classname="script.ValidLogin" time="0.525">
    <system-out><![CDATA[script.ValidLogin log 2021-08-08 10:42:43,207 Browser is closed 
script.ValidLogin log 2021-08-08 10:42:43,207 Test executed successfully 
script.ValidLogin log 2021-08-08 10:42:43,210 Postcondition completed 
script.ValidLogin log 2021-08-08 10:42:43,214 Extent Test Created 
script.ValidLogin log 2021-08-08 10:42:43,216 Using Grid?:YES 
script.ValidLogin log 2021-08-08 10:42:43,216 Using Grid 
script.ValidLogin log 2021-08-08 10:42:43,217 hubURL:http://192.168.1.3:4444/wd/hub 
script.ValidLogin log 2021-08-08 10:42:43,217 Browser:chrome 
script.ValidLogin log 2021-08-08 10:42:43,875 Browser launched in grid:chrome 
script.ValidLogin log 2021-08-08 10:42:43,879 ETO:60 
script.ValidLogin log 2021-08-08 10:42:43,906 ITO:60 
script.ValidLogin log 2021-08-08 10:42:43,932 PLT:60 
script.ValidLogin log 2021-08-08 10:42:43,968 STO:60 
script.ValidLogin log 2021-08-08 10:42:46,264 appUrl:https://demo.actitime.com/login.do 
script.ValidLogin log 2021-08-08 10:42:46,299 Cookies Deleted 
script.ValidLogin log 2021-08-08 10:42:46,324 Browser Maximized 
script.ValidLogin log 2021-08-08 10:42:46,324 Precondition completed 
]]></system-out>
    <system-err><![CDATA[Aug 08, 2021 10:42:43 AM org.openqa.selenium.remote.ProtocolHandshake createSession
INFO: Detected dialect: W3C
]]></system-err>
  </testcase>
  <testcase name="testValidLogin[trainee, trainee](2)" classname="script.ValidLogin" time="0.345">
    <system-out><![CDATA[script.ValidLogin log 2021-08-08 10:42:47,534 Browser is closed 
script.ValidLogin log 2021-08-08 10:42:47,534 Test executed successfully 
script.ValidLogin log 2021-08-08 10:42:47,535 Postcondition completed 
script.ValidLogin log 2021-08-08 10:42:47,536 Extent Test Created 
script.ValidLogin log 2021-08-08 10:42:47,538 Using Grid?:YES 
script.ValidLogin log 2021-08-08 10:42:47,538 Using Grid 
script.ValidLogin log 2021-08-08 10:42:47,539 hubURL:http://192.168.1.3:4444/wd/hub 
script.ValidLogin log 2021-08-08 10:42:47,540 Browser:firefox 
script.ValidLogin log 2021-08-08 10:42:49,812 Browser launched in grid:firefox 
script.ValidLogin log 2021-08-08 10:42:49,813 ETO:60 
script.ValidLogin log 2021-08-08 10:42:49,865 ITO:60 
script.ValidLogin log 2021-08-08 10:42:49,910 PLT:60 
script.ValidLogin log 2021-08-08 10:42:49,953 STO:60 
script.ValidLogin log 2021-08-08 10:42:51,356 appUrl:https://demo.actitime.com/login.do 
script.ValidLogin log 2021-08-08 10:42:51,415 Cookies Deleted 
script.ValidLogin log 2021-08-08 10:42:51,543 Browser Maximized 
script.ValidLogin log 2021-08-08 10:42:51,543 Precondition completed 
]]></system-out>
    <system-err><![CDATA[Aug 08, 2021 10:42:49 AM org.openqa.selenium.remote.ProtocolHandshake createSession
INFO: Detected dialect: W3C
]]></system-err>
  </testcase>
  <testcase name="testValidLogin[trainee, trainee](2)" classname="script.ValidLogin" time="0.369">
    <system-out><![CDATA[script.ValidLogin log 2021-08-08 10:42:51,966 Browser is closed 
script.ValidLogin log 2021-08-08 10:42:51,966 Test executed successfully 
script.ValidLogin log 2021-08-08 10:42:51,967 Postcondition completed 
script.ValidLogin log 2021-08-08 10:42:58,403 appUrl:https://demo.actitime.com/login.do 
script.ValidLogin log 2021-08-08 10:42:58,441 Cookies Deleted 
script.ValidLogin log 2021-08-08 10:42:58,463 Browser Maximized 
script.ValidLogin log 2021-08-08 10:42:58,464 Precondition completed 
]]></system-out>
  </testcase>
</testsuite>